--- Startup times for process: Primary/TUI ---

times in msec
 clock   self+sourced   self:  sourced script
 clock   elapsed:              other lines

000.002  000.002: --- NVIM STARTING ---
000.452  000.451: event init
000.652  000.200: early init
001.246  000.593: locale set
001.386  000.140: init first window
002.080  000.694: inits 1
002.097  000.017: window checked
002.101  000.004: parsing arguments
003.223  000.100  000.100: require('vim.shared')
003.401  000.089  000.089: require('vim.inspect')
003.524  000.095  000.095: require('vim._options')
003.528  000.297  000.114: require('vim._editor')
003.531  000.527  000.129: require('vim._init_packages')
003.535  000.908: init lua interpreter
005.122  001.587: --- NVIM STARTED ---

--- Startup times for process: Embedded ---

times in msec
 clock   self+sourced   self:  sourced script
 clock   elapsed:              other lines

000.001  000.001: --- NVIM STARTING ---
000.411  000.410: event init
000.615  000.205: early init
001.194  000.578: locale set
001.308  000.114: init first window
001.942  000.634: inits 1
001.972  000.030: window checked
001.977  000.005: parsing arguments
003.118  000.082  000.082: require('vim.shared')
003.300  000.090  000.090: require('vim.inspect')
003.434  000.105  000.105: require('vim._options')
003.438  000.312  000.117: require('vim._editor')
003.441  000.522  000.128: require('vim._init_packages')
003.446  000.947: init lua interpreter
003.669  000.224: expanding arguments
003.716  000.047: inits 2
004.451  000.734: init highlight
004.453  000.003: waiting for UI
004.620  000.167: done waiting for UI
004.627  000.007: clear screen
004.781  000.016  000.016: require('vim.keymap')
005.916  001.284  001.268: require('vim._defaults')
005.922  000.011: init default mappings & autocommands
006.996  000.113  000.113: sourcing /usr/share/nvim/runtime/ftplugin.vim
007.175  000.078  000.078: sourcing /usr/share/nvim/runtime/indent.vim
007.392  000.064  000.064: sourcing $VIM/sysinit.vim
010.251  001.827  001.827: sourcing /home/rlysleepynick/.config/nvim/colors/molokai.vim
010.728  000.162  000.162: sourcing /usr/share/nvim/runtime/syntax/synload.vim
011.376  000.071  000.071: sourcing /usr/share/vim/site/ftdetect/meson.vim
011.414  000.575  000.504: sourcing /usr/share/nvim/runtime/filetype.lua
014.487  002.793  002.793: require('vim.filetype')
017.741  002.112  002.112: require('vim.filetype.detect')
017.860  007.405  001.764: sourcing /usr/share/nvim/runtime/syntax/syntax.vim
017.932  010.471  001.239: sourcing /home/rlysleepynick/.config/nvim/init.vim
017.937  001.288: sourcing vimrc file(s)
019.011  000.267  000.267: sourcing /usr/share/nvim/runtime/plugin/gzip.vim
019.769  000.283  000.283: sourcing /usr/share/nvim/runtime/pack/dist/opt/matchit/plugin/matchit.vim
019.848  000.802  000.519: sourcing /usr/share/nvim/runtime/plugin/matchit.vim
020.064  000.189  000.189: sourcing /usr/share/nvim/runtime/plugin/matchparen.vim
020.572  000.480  000.480: sourcing /usr/share/nvim/runtime/plugin/netrwPlugin.vim
020.827  000.204  000.204: sourcing /usr/share/nvim/runtime/plugin/rplugin.vim
020.950  000.079  000.079: sourcing /usr/share/nvim/runtime/plugin/shada.vim
021.028  000.037  000.037: sourcing /usr/share/nvim/runtime/plugin/spec.vim
021.088  000.022  000.022: sourcing /usr/share/nvim/runtime/plugin/spellfile.vim
021.246  000.123  000.123: sourcing /usr/share/nvim/runtime/plugin/tarPlugin.vim
021.346  000.023  000.023: sourcing /usr/share/nvim/runtime/plugin/tutor.vim
021.577  000.197  000.197: sourcing /usr/share/nvim/runtime/plugin/zipPlugin.vim
021.709  000.080  000.080: sourcing /usr/share/nvim/runtime/plugin/editorconfig.lua
021.827  000.081  000.081: sourcing /usr/share/nvim/runtime/plugin/man.lua
021.940  000.076  000.076: sourcing /usr/share/nvim/runtime/plugin/osc52.lua
022.017  000.044  000.044: sourcing /usr/share/nvim/runtime/plugin/tohtml.lua
022.091  001.451: loading rtp plugins
022.293  000.202: loading packages
022.768  000.475: loading after plugins
022.778  000.010: inits 3
024.579  001.801: reading ShaDa
024.984  000.406: opening buffers
025.024  000.040: BufEnter autocommands
025.027  000.003: editing files in windows
025.203  000.176: VimEnter autocommands
025.207  000.004: UIEnter autocommands
025.578  000.295  000.295: sourcing /usr/share/nvim/runtime/autoload/provider/clipboard.vim
025.587  000.085: before starting main loop
025.926  000.339: first screen update
025.928  000.003: --- NVIM STARTED ---

--- Startup times for process: Primary/TUI ---

times in msec
 clock   self+sourced   self:  sourced script
 clock   elapsed:              other lines

000.001  000.001: --- NVIM STARTING ---
000.487  000.486: event init
000.701  000.214: early init
001.319  000.619: locale set
001.463  000.143: init first window
002.163  000.700: inits 1
002.178  000.016: window checked
002.183  000.004: parsing arguments
003.288  000.081  000.081: require('vim.shared')
003.478  000.102  000.102: require('vim.inspect')
003.601  000.095  000.095: require('vim._options')
003.605  000.311  000.114: require('vim._editor')
003.608  000.521  000.130: require('vim._init_packages')
003.612  000.908: init lua interpreter
005.229  001.617: --- NVIM STARTED ---

--- Startup times for process: Embedded ---

times in msec
 clock   self+sourced   self:  sourced script
 clock   elapsed:              other lines

000.001  000.001: --- NVIM STARTING ---
000.385  000.384: event init
000.572  000.187: early init
001.152  000.580: locale set
001.273  000.122: init first window
001.916  000.642: inits 1
001.946  000.030: window checked
001.951  000.005: parsing arguments
003.061  000.082  000.082: require('vim.shared')
003.242  000.091  000.091: require('vim.inspect')
003.368  000.096  000.096: require('vim._options')
003.372  000.305  000.118: require('vim._editor')
003.376  000.509  000.123: require('vim._init_packages')
003.380  000.919: init lua interpreter
003.563  000.183: expanding arguments
003.608  000.044: inits 2
004.294  000.686: init highlight
004.296  000.002: waiting for UI
004.472  000.176: done waiting for UI
004.481  000.009: clear screen
004.617  000.015  000.015: require('vim.keymap')
005.811  001.325  001.310: require('vim._defaults')
005.817  000.011: init default mappings & autocommands
006.857  000.100  000.100: sourcing /usr/share/nvim/runtime/ftplugin.vim
006.990  000.062  000.062: sourcing /usr/share/nvim/runtime/indent.vim
007.177  000.056  000.056: sourcing $VIM/sysinit.vim
009.954  001.807  001.807: sourcing /home/rlysleepynick/.config/nvim/colors/molokai.vim
010.416  000.173  000.173: sourcing /usr/share/nvim/runtime/syntax/synload.vim
011.046  000.072  000.072: sourcing /usr/share/vim/site/ftdetect/meson.vim
011.084  000.575  000.503: sourcing /usr/share/nvim/runtime/filetype.lua
013.864  002.500  002.500: require('vim.filetype')
017.077  001.985  001.985: require('vim.filetype.detect')
017.163  007.029  001.796: sourcing /usr/share/nvim/runtime/syntax/syntax.vim
017.228  009.991  001.155: sourcing /home/rlysleepynick/.config/nvim/init.vim
017.232  001.207: sourcing vimrc file(s)
018.245  000.246  000.246: sourcing /usr/share/nvim/runtime/plugin/gzip.vim
019.006  000.285  000.285: sourcing /usr/share/nvim/runtime/pack/dist/opt/matchit/plugin/matchit.vim
019.087  000.811  000.526: sourcing /usr/share/nvim/runtime/plugin/matchit.vim
019.304  000.189  000.189: sourcing /usr/share/nvim/runtime/plugin/matchparen.vim
019.780  000.448  000.448: sourcing /usr/share/nvim/runtime/plugin/netrwPlugin.vim
020.041  000.200  000.200: sourcing /usr/share/nvim/runtime/plugin/rplugin.vim
020.162  000.079  000.079: sourcing /usr/share/nvim/runtime/plugin/shada.vim
020.241  000.038  000.038: sourcing /usr/share/nvim/runtime/plugin/spec.vim
020.301  000.022  000.022: sourcing /usr/share/nvim/runtime/plugin/spellfile.vim
020.460  000.124  000.124: sourcing /usr/share/nvim/runtime/plugin/tarPlugin.vim
020.547  000.022  000.022: sourcing /usr/share/nvim/runtime/plugin/tutor.vim
020.780  000.199  000.199: sourcing /usr/share/nvim/runtime/plugin/zipPlugin.vim
020.893  000.061  000.061: sourcing /usr/share/nvim/runtime/plugin/editorconfig.lua
021.003  000.073  000.073: sourcing /usr/share/nvim/runtime/plugin/man.lua
021.107  000.065  000.065: sourcing /usr/share/nvim/runtime/plugin/osc52.lua
021.178  000.038  000.038: sourcing /usr/share/nvim/runtime/plugin/tohtml.lua
021.248  001.400: loading rtp plugins
021.464  000.216: loading packages
021.953  000.489: loading after plugins
021.964  000.011: inits 3
023.833  001.869: reading ShaDa
024.341  000.508: opening buffers
024.420  000.078: BufEnter autocommands
024.425  000.005: editing files in windows
024.732  000.308: VimEnter autocommands
024.739  000.007: UIEnter autocommands
025.372  000.504  000.504: sourcing /usr/share/nvim/runtime/autoload/provider/clipboard.vim
025.389  000.147: before starting main loop
025.911  000.522: first screen update
025.914  000.003: --- NVIM STARTED ---

